2022-06-02 02:27:30.356 -05:00 [INF] Starting TopDownSolver with cost function "Size"
2022-06-02 02:27:30.359 -05:00 [DBG] Using receiver InductiveObsEquivReceiver with reductions AbstractReduction
2022-06-02 02:27:40.362 -05:00 [DBG] ["00:00:10.0000042"] Enumerated 812309, cost 10
2022-06-02 02:27:50.362 -05:00 [DBG] ["00:00:20.0000142"] Enumerated 1441463, cost 11
2022-06-02 02:28:00.363 -05:00 [DBG] ["00:00:30.0017446"] Enumerated 2413689, cost 11
2022-06-02 02:28:10.362 -05:00 [DBG] ["00:00:40.0000070"] Enumerated 2966795, cost 11
2022-06-02 02:28:20.362 -05:00 [DBG] ["00:00:50.0000372"] Enumerated 3378735, cost 11
2022-06-02 02:28:23.111 -05:00 [DBG] Found a match after 3533567 terms: ($ite ($< $y $x) $x ($ite ($< $z $y) $y $z))
2022-06-02 02:28:23.113 -05:00 [INF] TopDownSolver success (3533567 t, 52.7519191s)
2022-06-02 02:28:23.115 -05:00 [INF] Result program: ($ite ($< $y $x) $x ($ite ($< $z $y) $y $z))
2022-06-02 02:28:23.117 -05:00 [INF] Top-down solver with abstract reduction took "00:00:52.7612325"
2022-06-14 12:32:28.192 -05:00 [INF] Starting TopDownSolver with cost function "Size"
2022-06-14 12:32:28.230 -05:00 [DBG] Using receiver InductiveObsEquivReceiver with reductions AbstractReduction
2022-06-14 12:32:38.253 -05:00 [DBG] ["00:00:10.0123378"] Enumerated 469010, cost 10
2022-06-14 12:32:48.240 -05:00 [DBG] ["00:00:20.0000115"] Enumerated 774236, cost 10
2022-06-14 12:32:58.240 -05:00 [DBG] ["00:00:30.0000547"] Enumerated 1151747, cost 11
2022-06-14 12:33:08.240 -05:00 [DBG] ["00:00:40.0000434"] Enumerated 1831507, cost 11
2022-06-14 12:33:18.240 -05:00 [DBG] ["00:00:50.0000074"] Enumerated 2413864, cost 11
2022-06-14 12:33:28.240 -05:00 [DBG] ["00:01:00.0000024"] Enumerated 2635274, cost 11
2022-06-14 12:33:38.240 -05:00 [DBG] ["00:01:10.0000104"] Enumerated 3073854, cost 11
2022-06-14 12:33:48.240 -05:00 [DBG] ["00:01:20.0000007"] Enumerated 3389200, cost 11
2022-06-14 12:33:53.712 -05:00 [DBG] Found a match after 3533567 terms: ($ite ($< $y $x) $x ($ite ($< $z $y) $y $z))
2022-06-14 12:33:53.716 -05:00 [INF] TopDownSolver success (3533567 t, 85.4807911s)
2022-06-14 12:33:53.718 -05:00 [INF] Result program: ($ite ($< $y $x) $x ($ite ($< $z $y) $y $z))
2022-06-14 12:33:53.721 -05:00 [INF] Top-down solver with abstract reduction took "00:01:25.5472524"
2022-06-14 12:35:47.202 -05:00 [INF] Starting TopDownSolver with cost function "Size"
2022-06-14 12:35:47.231 -05:00 [DBG] Using receiver InductiveObsEquivReceiver with reductions AbstractReduction
2022-06-14 12:35:57.241 -05:00 [DBG] ["00:00:10.0008166"] Enumerated 598289, cost 10
2022-06-14 12:36:07.246 -05:00 [DBG] ["00:00:20.0061132"] Enumerated 1058694, cost 11
2022-06-14 12:36:17.242 -05:00 [DBG] ["00:00:30.0014493"] Enumerated 1854188, cost 11
2022-06-14 12:36:27.244 -05:00 [DBG] ["00:00:40.0034731"] Enumerated 2463153, cost 11
2022-06-14 12:36:37.240 -05:00 [DBG] ["00:00:50.0000083"] Enumerated 2788219, cost 11
2022-06-14 12:36:47.240 -05:00 [DBG] ["00:01:00.0001742"] Enumerated 3138738, cost 11
2022-06-14 12:36:57.240 -05:00 [DBG] ["00:01:10.0000026"] Enumerated 3460870, cost 11
